[handleMsg]:  {
  key: {
    remoteJid: '5215534582417@s.whatsapp.net',
    fromMe: false,
    id: 'D5462260A846E54583540943CEC7F1DF',
    participant: undefined
  },
  messageTimestamp: 1729021318,
  pushName: 'Itzel',
  broadcast: false,
  message: Message {
    extendedTextMessage: ExtendedTextMessage {
      text: 'Mentira',
      previewType: 0,
      contextInfo: [ContextInfo],
      inviteLinkGroupTypeV2: 0
    },
    messageContextInfo: MessageContextInfo {
      deviceListMetadata: [DeviceListMetadata],
      deviceListMetadataVersion: 2,
      messageSecret: [Uint8Array]
    }
  },
  body: 'Mentira',
  from: '5215534582417'
}
[handleMsg]:  {
  key: {
    remoteJid: '5215534582417@s.whatsapp.net',
    fromMe: false,
    id: '2199B86393A94D2C8F9BF80AB1406E9F',
    participant: undefined
  },
  messageTimestamp: 1729021327,
  pushName: 'Itzel',
  broadcast: false,
  message: Message {
    extendedTextMessage: ExtendedTextMessage {
      text: 'Hablame bonito',
      previewType: 0,
      contextInfo: [ContextInfo],
      inviteLinkGroupTypeV2: 0
    },
    messageContextInfo: MessageContextInfo {
      deviceListMetadata: [DeviceListMetadata],
      deviceListMetadataVersion: 2,
      messageSecret: [Uint8Array]
    }
  },
  body: 'Hablame bonito',
  from: '5215534582417'
}
[handleMsg]:  {
  key: {
    remoteJid: '5215534582417@s.whatsapp.net',
    fromMe: false,
    id: 'EBEA514A0F2AFE4F1F7464F696DFF710',
    participant: undefined
  },
  messageTimestamp: 1729021333,
  pushName: 'Itzel',
  broadcast: false,
  message: Message {
    extendedTextMessage: ExtendedTextMessage {
      text: 'Puede',
      previewType: 0,
      contextInfo: [ContextInfo],
      inviteLinkGroupTypeV2: 0
    },
    messageContextInfo: MessageContextInfo {
      deviceListMetadata: [DeviceListMetadata],
      deviceListMetadataVersion: 2,
      messageSecret: [Uint8Array]
    }
  },
  body: 'Puede',
  from: '5215534582417'
}
[handleMsg]:  {
  key: {
    remoteJid: '5215534582417@s.whatsapp.net',
    fromMe: false,
    id: '119BBA08DC426281741DF7F6ADC5FF04',
    participant: undefined
  },
  messageTimestamp: 1729021341,
  pushName: 'Itzel',
  broadcast: false,
  message: Message {
    extendedTextMessage: ExtendedTextMessage {
      text: 'Jajaja es que le tienes que enseñar',
      previewType: 0,
      contextInfo: [ContextInfo],
      inviteLinkGroupTypeV2: 0
    },
    messageContextInfo: MessageContextInfo {
      deviceListMetadata: [DeviceListMetadata],
      deviceListMetadataVersion: 2,
      messageSecret: [Uint8Array]
    }
  },
  body: 'Jajaja es que le tienes que enseñar',
  from: '5215534582417'
}
[handleMsg]:  {
  key: {
    remoteJid: '5215534582417@s.whatsapp.net',
    fromMe: false,
    id: '4DBA4616725C051138307468F1691475',
    participant: undefined
  },
  messageTimestamp: 1729021346,
  pushName: 'Itzel',
  broadcast: false,
  message: Message {
    extendedTextMessage: ExtendedTextMessage {
      text: 'Mucho mi vida',
      previewType: 0,
      contextInfo: [ContextInfo],
      inviteLinkGroupTypeV2: 0
    },
    messageContextInfo: MessageContextInfo {
      deviceListMetadata: [DeviceListMetadata],
      deviceListMetadataVersion: 2,
      messageSecret: [Uint8Array]
    }
  },
  body: 'Mucho mi vida',
  from: '5215534582417'
}
